# JRE version: OpenJDK Runtime Environment (8.0_76-b03) (build 1.8.0_76-release-b03)
# Java VM: OpenJDK 64-Bit Server VM (25.76-b03 mixed mode linux-amd64 compressed oops)
Heap:
 PSYoungGen      total 180736K, used 19942K [0x00000000e0000000, 0x00000000ec680000, 0x0000000100000000)
  eden space 160768K, 0% used [0x00000000e0000000,0x00000000e0000000,0x00000000e9d00000)
  from space 19968K, 99% used [0x00000000e9d00000,0x00000000eb079b98,0x00000000eb080000)
  to   space 14336K, 0% used [0x00000000eb080000,0x00000000eb080000,0x00000000ebe80000)
 ParOldGen       total 61440K, used 36019K [0x00000000a0000000, 0x00000000a3c00000, 0x00000000e0000000)
  object space 61440K, 58% used [0x00000000a0000000,0x00000000a232cd60,0x00000000a3c00000)
 Metaspace       used 52107K, capacity 53502K, committed 53632K, reserved 1095680K
  class space    used 6871K, capacity 7197K, committed 7296K, reserved 1048576K
GC Heap History (10 events):
Event: 11.011 GC heap after
Heap after GC invocations=8 (full 1):
 PSYoungGen      total 133632K, used 6312K [0x00000000e0000000, 0x00000000e9500000, 0x0000000100000000)
  eden space 123392K, 0% used [0x00000000e0000000,0x00000000e0000000,0x00000000e7880000)
  from space 10240K, 61% used [0x00000000e7880000,0x00000000e7eaa388,0x00000000e8280000)
  to   space 10240K, 0% used [0x00000000e8b00000,0x00000000e8b00000,0x00000000e9500000)
 ParOldGen       total 45056K, used 13309K [0x00000000a0000000, 0x00000000a2c00000, 0x00000000e0000000)
  object space 45056K, 29% used [0x00000000a0000000,0x00000000a0cff688,0x00000000a2c00000)
 Metaspace       used 29635K, capacity 30128K, committed 30336K, reserved 1075200K
  class space    used 4016K, capacity 4187K, committed 4224K, reserved 1048576K
}
Event: 12.201 GC heap before
{Heap before GC invocations=9 (full 1):
 PSYoungGen      total 133632K, used 74741K [0x00000000e0000000, 0x00000000e9500000, 0x0000000100000000)
  eden space 123392K, 55% used [0x00000000e0000000,0x00000000e42d3148,0x00000000e7880000)
  from space 10240K, 61% used [0x00000000e7880000,0x00000000e7eaa388,0x00000000e8280000)
  to   space 10240K, 0% used [0x00000000e8b00000,0x00000000e8b00000,0x00000000e9500000)
 ParOldGen       total 45056K, used 13309K [0x00000000a0000000, 0x00000000a2c00000, 0x00000000e0000000)
  object space 45056K, 29% used [0x00000000a0000000,0x00000000a0cff688,0x00000000a2c00000)
 Metaspace       used 34649K, capacity 35250K, committed 35496K, reserved 1079296K
  class space    used 4633K, capacity 4824K, committed 4864K, reserved 1048576K
Event: 12.225 GC heap after
Heap after GC invocations=9 (full 1):
 PSYoungGen      total 140800K, used 10214K [0x00000000e0000000, 0x00000000ec280000, 0x0000000100000000)
  eden space 130560K, 0% used [0x00000000e0000000,0x00000000e0000000,0x00000000e7f80000)
  from space 10240K, 99% used [0x00000000e8b00000,0x00000000e94f9a08,0x00000000e9500000)
  to   space 11776K, 0% used [0x00000000e7f80000,0x00000000e7f80000,0x00000000e8b00000)
 ParOldGen       total 45056K, used 13449K [0x00000000a0000000, 0x00000000a2c00000, 0x00000000e0000000)
  object space 45056K, 29% used [0x00000000a0000000,0x00000000a0d22768,0x00000000a2c00000)
 Metaspace       used 34649K, capacity 35250K, committed 35496K, reserved 1079296K
  class space    used 4633K, capacity 4824K, committed 4864K, reserved 1048576K
}
Event: 12.225 GC heap before
{Heap before GC invocations=10 (full 2):
 PSYoungGen      total 140800K, used 10214K [0x00000000e0000000, 0x00000000ec280000, 0x0000000100000000)
  eden space 130560K, 0% used [0x00000000e0000000,0x00000000e0000000,0x00000000e7f80000)
  from space 10240K, 99% used [0x00000000e8b00000,0x00000000e94f9a08,0x00000000e9500000)
  to   space 11776K, 0% used [0x00000000e7f80000,0x00000000e7f80000,0x00000000e8b00000)
 ParOldGen       total 45056K, used 13449K [0x00000000a0000000, 0x00000000a2c00000, 0x00000000e0000000)
  object space 45056K, 29% used [0x00000000a0000000,0x00000000a0d22768,0x00000000a2c00000)
 Metaspace       used 34649K, capacity 35250K, committed 35496K, reserved 1079296K
  class space    used 4633K, capacity 4824K, committed 4864K, reserved 1048576K
Event: 12.312 GC heap after
Heap after GC invocations=10 (full 2):
 PSYoungGen      total 140800K, used 0K [0x00000000e0000000, 0x00000000ec280000, 0x0000000100000000)
  eden space 130560K, 0% used [0x00000000e0000000,0x00000000e0000000,0x00000000e7f80000)
  from space 10240K, 0% used [0x00000000e8b00000,0x00000000e8b00000,0x00000000e9500000)
  to   space 11776K, 0% used [0x00000000e7f80000,0x00000000e7f80000,0x00000000e8b00000)
 ParOldGen       total 61440K, used 17683K [0x00000000a0000000, 0x00000000a3c00000, 0x00000000e0000000)
  object space 61440K, 28% used [0x00000000a0000000,0x00000000a1144cd8,0x00000000a3c00000)
 Metaspace       used 34649K, capacity 35250K, committed 35496K, reserved 1079296K
  class space    used 4633K, capacity 4824K, committed 4864K, reserved 1048576K
}
Event: 15.296 GC heap before
{Heap before GC invocations=11 (full 2):
 PSYoungGen      total 140800K, used 130560K [0x00000000e0000000, 0x00000000ec280000, 0x0000000100000000)
  eden space 130560K, 100% used [0x00000000e0000000,0x00000000e7f80000,0x00000000e7f80000)
  from space 10240K, 0% used [0x00000000e8b00000,0x00000000e8b00000,0x00000000e9500000)
  to   space 11776K, 0% used [0x00000000e7f80000,0x00000000e7f80000,0x00000000e8b00000)
 ParOldGen       total 61440K, used 17683K [0x00000000a0000000, 0x00000000a3c00000, 0x00000000e0000000)
  object space 61440K, 28% used [0x00000000a0000000,0x00000000a1144cd8,0x00000000a3c00000)
 Metaspace       used 44529K, capacity 45600K, committed 45696K, reserved 1089536K
  class space    used 6001K, capacity 6226K, committed 6272K, reserved 1048576K
Event: 15.321 GC heap after
Heap after GC invocations=11 (full 2):
 PSYoungGen      total 142336K, used 11747K [0x00000000e0000000, 0x00000000ebe80000, 0x0000000100000000)
  eden space 130560K, 0% used [0x00000000e0000000,0x00000000e0000000,0x00000000e7f80000)
  from space 11776K, 99% used [0x00000000e7f80000,0x00000000e8af8ee0,0x00000000e8b00000)
  to   space 14336K, 0% used [0x00000000eb080000,0x00000000eb080000,0x00000000ebe80000)
 ParOldGen       total 61440K, used 20058K [0x00000000a0000000, 0x00000000a3c00000, 0x00000000e0000000)
  object space 61440K, 32% used [0x00000000a0000000,0x00000000a1396b18,0x00000000a3c00000)
 Metaspace       used 44529K, capacity 45600K, committed 45696K, reserved 1089536K
  class space    used 6001K, capacity 6226K, committed 6272K, reserved 1048576K
}
Event: 22.582 GC heap before
{Heap before GC invocations=12 (full 2):
 PSYoungGen      total 142336K, used 142307K [0x00000000e0000000, 0x00000000ebe80000, 0x0000000100000000)
  eden space 130560K, 100% used [0x00000000e0000000,0x00000000e7f80000,0x00000000e7f80000)
  from space 11776K, 99% used [0x00000000e7f80000,0x00000000e8af8ee0,0x00000000e8b00000)
  to   space 14336K, 0% used [0x00000000eb080000,0x00000000eb080000,0x00000000ebe80000)
 ParOldGen       total 61440K, used 20058K [0x00000000a0000000, 0x00000000a3c00000, 0x00000000e0000000)
  object space 61440K, 32% used [0x00000000a0000000,0x00000000a1396b18,0x00000000a3c00000)
 Metaspace       used 50137K, capacity 51454K, committed 51840K, reserved 1093632K
  class space    used 6647K, capacity 6943K, committed 7040K, reserved 1048576K
Event: 22.640 GC heap after
Heap after GC invocations=12 (full 2):
 PSYoungGen      total 175104K, used 14318K [0x00000000e0000000, 0x00000000ec680000, 0x0000000100000000)
  eden space 160768K, 0% used [0x00000000e0000000,0x00000000e0000000,0x00000000e9d00000)
  from space 14336K, 99% used [0x00000000eb080000,0x00000000ebe7baa0,0x00000000ebe80000)
  to   space 19968K, 0% used [0x00000000e9d00000,0x00000000e9d00000,0x00000000eb080000)
 ParOldGen       total 61440K, used 29909K [0x00000000a0000000, 0x00000000a3c00000, 0x00000000e0000000)
  object space 61440K, 48% used [0x00000000a0000000,0x00000000a1d35518,0x00000000a3c00000)
 Metaspace       used 50137K, capacity 51454K, committed 51840K, reserved 1093632K
  class space    used 6647K, capacity 6943K, committed 7040K, reserved 1048576K
}
Event: 118.967 GC heap before
{Heap before GC invocations=13 (full 2):
 PSYoungGen      total 175104K, used 175086K [0x00000000e0000000, 0x00000000ec680000, 0x0000000100000000)
  eden space 160768K, 100% used [0x00000000e0000000,0x00000000e9d00000,0x00000000e9d00000)
  from space 14336K, 99% used [0x00000000eb080000,0x00000000ebe7baa0,0x00000000ebe80000)
  to   space 19968K, 0% used [0x00000000e9d00000,0x00000000e9d00000,0x00000000eb080000)
 ParOldGen       total 61440K, used 29909K [0x00000000a0000000, 0x00000000a3c00000, 0x00000000e0000000)
  object space 61440K, 48% used [0x00000000a0000000,0x00000000a1d35518,0x00000000a3c00000)
 Metaspace       used 52107K, capacity 53502K, committed 53632K, reserved 1095680K
  class space    used 6871K, capacity 7197K, committed 7296K, reserved 1048576K

